Initializing document watcher...
Detected change in configuration: {}
react-saga-lession01/src/components/GlobalLoading/index.js: {}
react-saga-lession01/src/components/GlobalLoading/index.js: {}
react-saga-lession01/src/components/GlobalLoading/index.js: Using EditorConfig core...
react-saga-lession01/src/components/GlobalLoading/index.js: Using EditorConfig core...
react-saga-lession01/src/components/GlobalLoading/index.js: Using EditorConfig core...
react-saga-lession01/src/components/GlobalLoading/index.js: Using EditorConfig core...
react-saga-lession01/src/components/GlobalLoading/index.js: Using EditorConfig core...
react-saga-lession01/src/components/GlobalLoading/index.js: Using EditorConfig core...
react-saga-lession01/src/components/GlobalLoading/index.js: {}
react-saga-lession01/src/saga/index.js: {}
react-saga-lession01/src/saga/index.js: {}
react-saga-lession01/src/actions/ui.js: {}
react-saga-lession01/src/saga/index.js: {}
react-saga-lession01/src/actions/ui.js: {}
react-saga-lession01/src/saga/index.js: {}
react-saga-lession01/src/actions/ui.js: {}
react-saga-lession01/src/saga/index.js: {}
react-saga-lession01/src/saga/index.js: {}
react-saga-lession01/src/saga/index.js: Using EditorConfig core...
react-saga-lession01/src/saga/index.js: Using EditorConfig core...
react-saga-lession01/src/saga/index.js: Using EditorConfig core...
react-saga-lession01/src/saga/index.js: Using EditorConfig core...
react-saga-lession01/src/saga/index.js: Using EditorConfig core...
react-saga-lession01/src/saga/index.js: Using EditorConfig core...
react-saga-lession01/src/saga/index.js: Using EditorConfig core...
react-saga-lession01/src/saga/index.js: Using EditorConfig core...
react-saga-lession01/src/saga/index.js: Using EditorConfig core...
react-saga-lession01/src/saga/index.js: Using EditorConfig core...
react-saga-lession01/src/saga/index.js: Using EditorConfig core...
react-saga-lession01/src/saga/index.js: {}
react-saga-lession01/src/saga/index.js: Using EditorConfig core...
react-saga-lession01/src/saga/index.js: Using EditorConfig core...
react-saga-lession01/src/saga/index.js: Using EditorConfig core...
react-saga-lession01/src/saga/index.js: Using EditorConfig core...
react-saga-lession01/src/saga/index.js: Using EditorConfig core...
react-saga-lession01/src/actions/ui.js: {}
react-saga-lession01/src/actions/ui.js: Using EditorConfig core...
react-saga-lession01/src/actions/ui.js: Using EditorConfig core...
react-saga-lession01/src/actions/ui.js: Using EditorConfig core...
react-saga-lession01/src/actions/ui.js: {}
react-saga-lession01/src/saga/index.js: {}
react-saga-lession01/src/actions/ui.js: {}
react-saga-lession01/src/saga/index.js: {}
react-saga-lession01/src/saga/index.js: Using EditorConfig core...
react-saga-lession01/src/saga/index.js: Using EditorConfig core...
react-saga-lession01/src/saga/index.js: Using EditorConfig core...
react-saga-lession01/src/saga/index.js: Using EditorConfig core...
react-saga-lession01/src/saga/index.js: Using EditorConfig core...
react-saga-lession01/src/saga/index.js: Using EditorConfig core...
react-saga-lession01/src/saga/index.js: Using EditorConfig core...
react-saga-lession01/src/saga/index.js: Using EditorConfig core...
react-saga-lession01/src/saga/index.js: {}
react-saga-lession01/src/saga/index.js: Using EditorConfig core...
react-saga-lession01/src/saga/index.js: Using EditorConfig core...
react-saga-lession01/src/saga/index.js: Using EditorConfig core...
react-saga-lession01/src/saga/index.js: Using EditorConfig core...
react-saga-lession01/src/saga/index.js: Using EditorConfig core...
react-saga-lession01/src/saga/index.js: {}
react-saga-lession01/src/actions/ui.js: {}
react-saga-lession01/src/actions/ui.js: {}
react-saga-lession01/src/saga/index.js: {}
react-saga-lession01/src/saga/index.js: Using EditorConfig core...
react-saga-lession01/src/saga/index.js: Using EditorConfig core...
react-saga-lession01/src/saga/index.js: Using EditorConfig core...
react-saga-lession01/src/saga/index.js: Using EditorConfig core...
react-saga-lession01/src/saga/index.js: Using EditorConfig core...
react-saga-lession01/src/saga/index.js: Using EditorConfig core...
react-saga-lession01/src/saga/index.js: Using EditorConfig core...
react-saga-lession01/src/saga/index.js: Using EditorConfig core...
react-saga-lession01/src/saga/index.js: Using EditorConfig core...
react-saga-lession01/src/saga/index.js: Using EditorConfig core...
react-saga-lession01/src/saga/index.js: {}
react-saga-lession01/src/saga/index.js: Using EditorConfig core...
react-saga-lession01/src/saga/index.js: Using EditorConfig core...
react-saga-lession01/src/saga/index.js: Using EditorConfig core...
react-saga-lession01/src/saga/index.js: Using EditorConfig core...
react-saga-lession01/src/saga/index.js: Using EditorConfig core...
react-saga-lession01/src/saga/index.js: Using EditorConfig core...
react-saga-lession01/src/saga/index.js: Using EditorConfig core...
react-saga-lession01/src/saga/index.js: Using EditorConfig core...
react-saga-lession01/src/saga/index.js: Using EditorConfig core...
react-saga-lession01/src/saga/index.js: Using EditorConfig core...
react-saga-lession01/src/saga/index.js: Using EditorConfig core...
react-saga-lession01/src/saga/index.js: Using EditorConfig core...
react-saga-lession01/src/saga/index.js: Using EditorConfig core...
react-saga-lession01/src/saga/index.js: Using EditorConfig core...
react-saga-lession01/src/saga/index.js: Using EditorConfig core...
react-saga-lession01/src/saga/index.js: Using EditorConfig core...
react-saga-lession01/src/saga/index.js: Using EditorConfig core...
react-saga-lession01/src/saga/index.js: {}
react-saga-lession01/src/saga/index.js: Using EditorConfig core...
react-saga-lession01/src/saga/index.js: Using EditorConfig core...
react-saga-lession01/src/saga/index.js: Using EditorConfig core...
react-saga-lession01/src/saga/index.js: Using EditorConfig core...
react-saga-lession01/src/saga/index.js: Using EditorConfig core...
react-saga-lession01/src/saga/index.js: Using EditorConfig core...
react-saga-lession01/src/saga/index.js: {}
react-saga-lession01/src/saga/index.js: Using EditorConfig core...
react-saga-lession01/src/saga/index.js: Using EditorConfig core...
react-saga-lession01/src/saga/index.js: Using EditorConfig core...
react-saga-lession01/src/saga/index.js: Using EditorConfig core...
react-saga-lession01/src/saga/index.js: Using EditorConfig core...
react-saga-lession01/src/saga/index.js: Using EditorConfig core...
react-saga-lession01/src/saga/index.js: {}
react-saga-lession01/src/saga/index.js: Using EditorConfig core...
react-saga-lession01/src/saga/index.js: Using EditorConfig core...
react-saga-lession01/src/saga/index.js: Using EditorConfig core...
react-saga-lession01/src/saga/index.js: Using EditorConfig core...
react-saga-lession01/src/saga/index.js: Using EditorConfig core...
react-saga-lession01/src/saga/index.js: Using EditorConfig core...
react-saga-lession01/src/saga/index.js: Using EditorConfig core...
react-saga-lession01/src/saga/index.js: Using EditorConfig core...
react-saga-lession01/src/saga/index.js: Using EditorConfig core...
react-saga-lession01/src/saga/index.js: Using EditorConfig core...
react-saga-lession01/src/saga/index.js: Using EditorConfig core...
