[Server(4214) file:///var/www/reactjs/react-saga/react-saga-lession01] Started and initialize received
[Server(4214) file:///var/www/reactjs/react-saga/react-saga-lession01] Setup a stylesheet lookup map
[Server(4214) file:///var/www/reactjs/react-saga/react-saga-lession01] Document opened: file:///var/www/reactjs/react-saga/react-saga-lession01/src/components/GlobalLoading/index.js
[Server(4214) file:///var/www/reactjs/react-saga/react-saga-lession01] Document changed: file:///var/www/reactjs/react-saga/react-saga-lession01/src/components/GlobalLoading/index.js
[Server(4214) file:///var/www/reactjs/react-saga/react-saga-lession01] Document changed: file:///var/www/reactjs/react-saga/react-saga-lession01/src/components/GlobalLoading/index.js
[Server(4214) file:///var/www/reactjs/react-saga/react-saga-lession01] Document changed: file:///var/www/reactjs/react-saga/react-saga-lession01/src/components/GlobalLoading/index.js
[Server(4214) file:///var/www/reactjs/react-saga/react-saga-lession01] Document changed: file:///var/www/reactjs/react-saga/react-saga-lession01/src/components/GlobalLoading/index.js
[Server(4214) file:///var/www/reactjs/react-saga/react-saga-lession01] Document changed: file:///var/www/reactjs/react-saga/react-saga-lession01/src/components/GlobalLoading/index.js
[Server(4214) file:///var/www/reactjs/react-saga/react-saga-lession01] Document changed: file:///var/www/reactjs/react-saga/react-saga-lession01/src/components/GlobalLoading/index.js
[Server(4214) file:///var/www/reactjs/react-saga/react-saga-lession01] Document changed: file:///var/www/reactjs/react-saga/react-saga-lession01/src/components/GlobalLoading/index.js
[Server(4214) file:///var/www/reactjs/react-saga/react-saga-lession01] Document changed: file:///var/www/reactjs/react-saga/react-saga-lession01/src/components/GlobalLoading/index.js
[Server(4214) file:///var/www/reactjs/react-saga/react-saga-lession01] Document changed: file:///var/www/reactjs/react-saga/react-saga-lession01/src/components/GlobalLoading/index.js
[Server(4214) file:///var/www/reactjs/react-saga/react-saga-lession01] Document changed: file:///var/www/reactjs/react-saga/react-saga-lession01/src/components/GlobalLoading/index.js
[Server(4214) file:///var/www/reactjs/react-saga/react-saga-lession01] Document changed: file:///var/www/reactjs/react-saga/react-saga-lession01/src/components/GlobalLoading/index.js
[Server(4214) file:///var/www/reactjs/react-saga/react-saga-lession01] Document changed: file:///var/www/reactjs/react-saga/react-saga-lession01/src/components/GlobalLoading/index.js
[Server(4214) file:///var/www/reactjs/react-saga/react-saga-lession01] Document changed: file:///var/www/reactjs/react-saga/react-saga-lession01/src/components/GlobalLoading/index.js
[Server(4214) file:///var/www/reactjs/react-saga/react-saga-lession01] Document changed: file:///var/www/reactjs/react-saga/react-saga-lession01/src/components/GlobalLoading/index.js
[Server(4214) file:///var/www/reactjs/react-saga/react-saga-lession01] Document changed: file:///var/www/reactjs/react-saga/react-saga-lession01/src/components/GlobalLoading/index.js
[Server(4214) file:///var/www/reactjs/react-saga/react-saga-lession01] Document changed: file:///var/www/reactjs/react-saga/react-saga-lession01/src/components/GlobalLoading/index.js
[Server(4214) file:///var/www/reactjs/react-saga/react-saga-lession01] Document changed: file:///var/www/reactjs/react-saga/react-saga-lession01/src/components/GlobalLoading/index.js
[Server(4214) file:///var/www/reactjs/react-saga/react-saga-lession01] Document changed: file:///var/www/reactjs/react-saga/react-saga-lession01/src/components/GlobalLoading/index.js
[Server(4214) file:///var/www/reactjs/react-saga/react-saga-lession01] Document changed: file:///var/www/reactjs/react-saga/react-saga-lession01/src/components/GlobalLoading/index.js
[Server(4214) file:///var/www/reactjs/react-saga/react-saga-lession01] Document changed: file:///var/www/reactjs/react-saga/react-saga-lession01/src/components/GlobalLoading/index.js
[Server(4214) file:///var/www/reactjs/react-saga/react-saga-lession01] Document changed: file:///var/www/reactjs/react-saga/react-saga-lession01/src/components/GlobalLoading/index.js
[Server(4214) file:///var/www/reactjs/react-saga/react-saga-lession01] Document changed: file:///var/www/reactjs/react-saga/react-saga-lession01/src/components/GlobalLoading/index.js
[Server(4214) file:///var/www/reactjs/react-saga/react-saga-lession01] Document changed: file:///var/www/reactjs/react-saga/react-saga-lession01/src/components/GlobalLoading/index.js
[Server(4214) file:///var/www/reactjs/react-saga/react-saga-lession01] Document changed: file:///var/www/reactjs/react-saga/react-saga-lession01/src/components/GlobalLoading/index.js
[Server(4214) file:///var/www/reactjs/react-saga/react-saga-lession01] Document changed: file:///var/www/reactjs/react-saga/react-saga-lession01/src/components/GlobalLoading/index.js
[Server(4214) file:///var/www/reactjs/react-saga/react-saga-lession01] Document changed: file:///var/www/reactjs/react-saga/react-saga-lession01/src/components/GlobalLoading/index.js
[Server(4214) file:///var/www/reactjs/react-saga/react-saga-lession01] Document changed: file:///var/www/reactjs/react-saga/react-saga-lession01/src/components/GlobalLoading/index.js
[Server(4214) file:///var/www/reactjs/react-saga/react-saga-lession01] Document changed: file:///var/www/reactjs/react-saga/react-saga-lession01/src/components/GlobalLoading/index.js
[Server(4214) file:///var/www/reactjs/react-saga/react-saga-lession01] Document changed: file:///var/www/reactjs/react-saga/react-saga-lession01/src/components/GlobalLoading/index.js
[Server(4214) file:///var/www/reactjs/react-saga/react-saga-lession01] Document changed: file:///var/www/reactjs/react-saga/react-saga-lession01/src/components/GlobalLoading/index.js
[Server(4214) file:///var/www/reactjs/react-saga/react-saga-lession01] Document changed: file:///var/www/reactjs/react-saga/react-saga-lession01/src/components/GlobalLoading/index.js
[Server(4214) file:///var/www/reactjs/react-saga/react-saga-lession01] Document changed: file:///var/www/reactjs/react-saga/react-saga-lession01/src/components/GlobalLoading/index.js
[Server(4214) file:///var/www/reactjs/react-saga/react-saga-lession01] Document changed: file:///var/www/reactjs/react-saga/react-saga-lession01/src/components/GlobalLoading/index.js
[Server(4214) file:///var/www/reactjs/react-saga/react-saga-lession01] Document changed: file:///var/www/reactjs/react-saga/react-saga-lession01/src/components/GlobalLoading/index.js
[Server(4214) file:///var/www/reactjs/react-saga/react-saga-lession01] Document changed: file:///var/www/reactjs/react-saga/react-saga-lession01/src/components/GlobalLoading/index.js
[Server(4214) file:///var/www/reactjs/react-saga/react-saga-lession01] Document changed: file:///var/www/reactjs/react-saga/react-saga-lession01/src/components/GlobalLoading/index.js
[Server(4214) file:///var/www/reactjs/react-saga/react-saga-lession01] Document changed: file:///var/www/reactjs/react-saga/react-saga-lession01/src/components/GlobalLoading/index.js
[Server(4214) file:///var/www/reactjs/react-saga/react-saga-lession01] Document changed: file:///var/www/reactjs/react-saga/react-saga-lession01/src/components/GlobalLoading/index.js
[Server(4214) file:///var/www/reactjs/react-saga/react-saga-lession01] Document changed: file:///var/www/reactjs/react-saga/react-saga-lession01/src/components/GlobalLoading/index.js
[Server(4214) file:///var/www/reactjs/react-saga/react-saga-lession01] Document changed: file:///var/www/reactjs/react-saga/react-saga-lession01/src/components/GlobalLoading/index.js
[Server(4214) file:///var/www/reactjs/react-saga/react-saga-lession01] Document changed: file:///var/www/reactjs/react-saga/react-saga-lession01/src/components/GlobalLoading/index.js
[Server(4214) file:///var/www/reactjs/react-saga/react-saga-lession01] Document changed: file:///var/www/reactjs/react-saga/react-saga-lession01/src/components/GlobalLoading/index.js
[Server(4214) file:///var/www/reactjs/react-saga/react-saga-lession01] Document changed: file:///var/www/reactjs/react-saga/react-saga-lession01/src/components/GlobalLoading/index.js
[Server(4214) file:///var/www/reactjs/react-saga/react-saga-lession01] Document changed: file:///var/www/reactjs/react-saga/react-saga-lession01/src/components/GlobalLoading/index.js
[Server(4214) file:///var/www/reactjs/react-saga/react-saga-lession01] Document changed: file:///var/www/reactjs/react-saga/react-saga-lession01/src/components/GlobalLoading/index.js
[Server(4214) file:///var/www/reactjs/react-saga/react-saga-lession01] Document changed: file:///var/www/reactjs/react-saga/react-saga-lession01/src/components/GlobalLoading/index.js
[Server(4214) file:///var/www/reactjs/react-saga/react-saga-lession01] Document changed: file:///var/www/reactjs/react-saga/react-saga-lession01/src/components/GlobalLoading/index.js
[Server(4214) file:///var/www/reactjs/react-saga/react-saga-lession01] Document changed: file:///var/www/reactjs/react-saga/react-saga-lession01/src/components/GlobalLoading/index.js
[Server(4214) file:///var/www/reactjs/react-saga/react-saga-lession01] Document changed: file:///var/www/reactjs/react-saga/react-saga-lession01/src/components/GlobalLoading/index.js
[Server(4214) file:///var/www/reactjs/react-saga/react-saga-lession01] Document changed: file:///var/www/reactjs/react-saga/react-saga-lession01/src/components/GlobalLoading/index.js
[Server(4214) file:///var/www/reactjs/react-saga/react-saga-lession01] Document changed: file:///var/www/reactjs/react-saga/react-saga-lession01/src/components/GlobalLoading/index.js
[Server(4214) file:///var/www/reactjs/react-saga/react-saga-lession01] Document changed: file:///var/www/reactjs/react-saga/react-saga-lession01/src/components/GlobalLoading/index.js
[Server(4214) file:///var/www/reactjs/react-saga/react-saga-lession01] Document changed: file:///var/www/reactjs/react-saga/react-saga-lession01/src/components/GlobalLoading/index.js
Invalid Selector...
[Server(4214) file:///var/www/reactjs/react-saga/react-saga-lession01] Document changed: file:///var/www/reactjs/react-saga/react-saga-lession01/src/components/GlobalLoading/index.js
[Server(4214) file:///var/www/reactjs/react-saga/react-saga-lession01] Document changed: file:///var/www/reactjs/react-saga/react-saga-lession01/src/components/GlobalLoading/index.js
[Server(4214) file:///var/www/reactjs/react-saga/react-saga-lession01] Document changed: file:///var/www/reactjs/react-saga/react-saga-lession01/src/components/GlobalLoading/index.js
[Server(4214) file:///var/www/reactjs/react-saga/react-saga-lession01] Document changed: file:///var/www/reactjs/react-saga/react-saga-lession01/src/components/GlobalLoading/index.js
[Server(4214) file:///var/www/reactjs/react-saga/react-saga-lession01] Document changed: file:///var/www/reactjs/react-saga/react-saga-lession01/src/components/GlobalLoading/index.js
[Server(4214) file:///var/www/reactjs/react-saga/react-saga-lession01] Document changed: file:///var/www/reactjs/react-saga/react-saga-lession01/src/components/GlobalLoading/index.js
[Server(4214) file:///var/www/reactjs/react-saga/react-saga-lession01] Document changed: file:///var/www/reactjs/react-saga/react-saga-lession01/src/components/GlobalLoading/index.js
[Server(4214) file:///var/www/reactjs/react-saga/react-saga-lession01] Document changed: file:///var/www/reactjs/react-saga/react-saga-lession01/src/components/GlobalLoading/index.js
[Server(4214) file:///var/www/reactjs/react-saga/react-saga-lession01] Document changed: file:///var/www/reactjs/react-saga/react-saga-lession01/src/components/GlobalLoading/index.js
[Server(4214) file:///var/www/reactjs/react-saga/react-saga-lession01] Document changed: file:///var/www/reactjs/react-saga/react-saga-lession01/src/components/GlobalLoading/index.js
[Server(4214) file:///var/www/reactjs/react-saga/react-saga-lession01] Document changed: file:///var/www/reactjs/react-saga/react-saga-lession01/src/components/GlobalLoading/index.js
Invalid Selector...
Invalid Selector...
Found CSS selector of type null and value div
Searching for symbol
Found 0 symbols in file:///var/www/reactjs/react-saga/react-saga-lession01/src/index.css
[Server(4214) file:///var/www/reactjs/react-saga/react-saga-lession01] Document opened: file:///var/www/reactjs/react-saga/react-saga-lession01/src/saga/index.js
[Server(4214) file:///var/www/reactjs/react-saga/react-saga-lession01] Document changed: file:///var/www/reactjs/react-saga/react-saga-lession01/src/saga/index.js
[Server(4214) file:///var/www/reactjs/react-saga/react-saga-lession01] Document changed: file:///var/www/reactjs/react-saga/react-saga-lession01/src/saga/index.js
[Server(4214) file:///var/www/reactjs/react-saga/react-saga-lession01] Document changed: file:///var/www/reactjs/react-saga/react-saga-lession01/src/saga/index.js
[Server(4214) file:///var/www/reactjs/react-saga/react-saga-lession01] Document changed: file:///var/www/reactjs/react-saga/react-saga-lession01/src/saga/index.js
[Server(4214) file:///var/www/reactjs/react-saga/react-saga-lession01] Document changed: file:///var/www/reactjs/react-saga/react-saga-lession01/src/saga/index.js
[Server(4214) file:///var/www/reactjs/react-saga/react-saga-lession01] Document changed: file:///var/www/reactjs/react-saga/react-saga-lession01/src/saga/index.js
[Server(4214) file:///var/www/reactjs/react-saga/react-saga-lession01] Document changed: file:///var/www/reactjs/react-saga/react-saga-lession01/src/saga/index.js
[Server(4214) file:///var/www/reactjs/react-saga/react-saga-lession01] Document changed: file:///var/www/reactjs/react-saga/react-saga-lession01/src/saga/index.js
[Server(4214) file:///var/www/reactjs/react-saga/react-saga-lession01] Document changed: file:///var/www/reactjs/react-saga/react-saga-lession01/src/saga/index.js
[Server(4214) file:///var/www/reactjs/react-saga/react-saga-lession01] Document changed: file:///var/www/reactjs/react-saga/react-saga-lession01/src/saga/index.js
[Server(4214) file:///var/www/reactjs/react-saga/react-saga-lession01] Document changed: file:///var/www/reactjs/react-saga/react-saga-lession01/src/saga/index.js
[Server(4214) file:///var/www/reactjs/react-saga/react-saga-lession01] Document changed: file:///var/www/reactjs/react-saga/react-saga-lession01/src/saga/index.js
[Server(4214) file:///var/www/reactjs/react-saga/react-saga-lession01] Document changed: file:///var/www/reactjs/react-saga/react-saga-lession01/src/saga/index.js
[Server(4214) file:///var/www/reactjs/react-saga/react-saga-lession01] Document changed: file:///var/www/reactjs/react-saga/react-saga-lession01/src/saga/index.js
[Server(4214) file:///var/www/reactjs/react-saga/react-saga-lession01] Document changed: file:///var/www/reactjs/react-saga/react-saga-lession01/src/saga/index.js
[Server(4214) file:///var/www/reactjs/react-saga/react-saga-lession01] Document changed: file:///var/www/reactjs/react-saga/react-saga-lession01/src/saga/index.js
[Server(4214) file:///var/www/reactjs/react-saga/react-saga-lession01] Document changed: file:///var/www/reactjs/react-saga/react-saga-lession01/src/saga/index.js
[Server(4214) file:///var/www/reactjs/react-saga/react-saga-lession01] Document changed: file:///var/www/reactjs/react-saga/react-saga-lession01/src/saga/index.js
[Server(4214) file:///var/www/reactjs/react-saga/react-saga-lession01] Document changed: file:///var/www/reactjs/react-saga/react-saga-lession01/src/saga/index.js
[Server(4214) file:///var/www/reactjs/react-saga/react-saga-lession01] Document opened: file:///var/www/reactjs/react-saga/react-saga-lession01/src/actions/ui.js
[Server(4214) file:///var/www/reactjs/react-saga/react-saga-lession01] Document changed: file:///var/www/reactjs/react-saga/react-saga-lession01/src/actions/ui.js
Invalid Selector...
[Server(4214) file:///var/www/reactjs/react-saga/react-saga-lession01] Document changed: file:///var/www/reactjs/react-saga/react-saga-lession01/src/saga/index.js
[Server(4214) file:///var/www/reactjs/react-saga/react-saga-lession01] Document changed: file:///var/www/reactjs/react-saga/react-saga-lession01/src/saga/index.js
[Server(4214) file:///var/www/reactjs/react-saga/react-saga-lession01] Document changed: file:///var/www/reactjs/react-saga/react-saga-lession01/src/saga/index.js
[Server(4214) file:///var/www/reactjs/react-saga/react-saga-lession01] Document changed: file:///var/www/reactjs/react-saga/react-saga-lession01/src/saga/index.js
[Server(4214) file:///var/www/reactjs/react-saga/react-saga-lession01] Document changed: file:///var/www/reactjs/react-saga/react-saga-lession01/src/saga/index.js
[Server(4214) file:///var/www/reactjs/react-saga/react-saga-lession01] Document changed: file:///var/www/reactjs/react-saga/react-saga-lession01/src/saga/index.js
Invalid Selector...
Invalid Selector...
[Server(4214) file:///var/www/reactjs/react-saga/react-saga-lession01] Document opened: file:///var/www/reactjs/react-saga/react-saga-lession01/src/constants/ui.js
[Server(4214) file:///var/www/reactjs/react-saga/react-saga-lession01] Document changed: file:///var/www/reactjs/react-saga/react-saga-lession01/src/constants/ui.js
Invalid Selector...
[Server(4214) file:///var/www/reactjs/react-saga/react-saga-lession01] Document opened: file:///var/www/reactjs/react-saga/react-saga-lession01/src/constants/ui.js
[Server(4214) file:///var/www/reactjs/react-saga/react-saga-lession01] Document changed: file:///var/www/reactjs/react-saga/react-saga-lession01/src/constants/ui.js
[Server(4214) file:///var/www/reactjs/react-saga/react-saga-lession01] Document changed: file:///var/www/reactjs/react-saga/react-saga-lession01/src/saga/index.js
Invalid Selector...
[Server(4214) file:///var/www/reactjs/react-saga/react-saga-lession01] Document opened: file:///var/www/reactjs/react-saga/react-saga-lession01/node_modules/%40redux-saga/core/effects.d.ts
[Server(4214) file:///var/www/reactjs/react-saga/react-saga-lession01] Document changed: file:///var/www/reactjs/react-saga/react-saga-lession01/node_modules/%40redux-saga/core/effects.d.ts
Invalid Selector...
[Server(4214) file:///var/www/reactjs/react-saga/react-saga-lession01] Document opened: file:///var/www/reactjs/react-saga/react-saga-lession01/src/constants/task.js
[Server(4214) file:///var/www/reactjs/react-saga/react-saga-lession01] Document changed: file:///var/www/reactjs/react-saga/react-saga-lession01/src/constants/task.js
[Server(4214) file:///var/www/reactjs/react-saga/react-saga-lession01] Document changed: file:///var/www/reactjs/react-saga/react-saga-lession01/src/saga/index.js
Invalid Selector...
[Server(4214) file:///var/www/reactjs/react-saga/react-saga-lession01] Document opened: file:///var/www/reactjs/react-saga/react-saga-lession01/src/constants/task.js
[Server(4214) file:///var/www/reactjs/react-saga/react-saga-lession01] Document changed: file:///var/www/reactjs/react-saga/react-saga-lession01/src/constants/task.js
[Server(4214) file:///var/www/reactjs/react-saga/react-saga-lession01] Document changed: file:///var/www/reactjs/react-saga/react-saga-lession01/src/saga/index.js
[Server(4214) file:///var/www/reactjs/react-saga/react-saga-lession01] Document changed: file:///var/www/reactjs/react-saga/react-saga-lession01/src/saga/index.js
[Server(4214) file:///var/www/reactjs/react-saga/react-saga-lession01] Document changed: file:///var/www/reactjs/react-saga/react-saga-lession01/src/saga/index.js
[Server(4214) file:///var/www/reactjs/react-saga/react-saga-lession01] Document changed: file:///var/www/reactjs/react-saga/react-saga-lession01/src/saga/index.js
[Server(4214) file:///var/www/reactjs/react-saga/react-saga-lession01] Document changed: file:///var/www/reactjs/react-saga/react-saga-lession01/src/saga/index.js
[Server(4214) file:///var/www/reactjs/react-saga/react-saga-lession01] Document changed: file:///var/www/reactjs/react-saga/react-saga-lession01/src/saga/index.js
[Server(4214) file:///var/www/reactjs/react-saga/react-saga-lession01] Document changed: file:///var/www/reactjs/react-saga/react-saga-lession01/src/saga/index.js
[Server(4214) file:///var/www/reactjs/react-saga/react-saga-lession01] Document changed: file:///var/www/reactjs/react-saga/react-saga-lession01/src/saga/index.js
[Server(4214) file:///var/www/reactjs/react-saga/react-saga-lession01] Document changed: file:///var/www/reactjs/react-saga/react-saga-lession01/src/saga/index.js
[Server(4214) file:///var/www/reactjs/react-saga/react-saga-lession01] Document changed: file:///var/www/reactjs/react-saga/react-saga-lession01/src/saga/index.js
[Server(4214) file:///var/www/reactjs/react-saga/react-saga-lession01] Document changed: file:///var/www/reactjs/react-saga/react-saga-lession01/src/saga/index.js
[Server(4214) file:///var/www/reactjs/react-saga/react-saga-lession01] Document changed: file:///var/www/reactjs/react-saga/react-saga-lession01/src/saga/index.js
[Server(4214) file:///var/www/reactjs/react-saga/react-saga-lession01] Document changed: file:///var/www/reactjs/react-saga/react-saga-lession01/src/saga/index.js
[Server(4214) file:///var/www/reactjs/react-saga/react-saga-lession01] Document changed: file:///var/www/reactjs/react-saga/react-saga-lession01/src/saga/index.js
[Server(4214) file:///var/www/reactjs/react-saga/react-saga-lession01] Document changed: file:///var/www/reactjs/react-saga/react-saga-lession01/src/saga/index.js
[Server(4214) file:///var/www/reactjs/react-saga/react-saga-lession01] Document changed: file:///var/www/reactjs/react-saga/react-saga-lession01/src/saga/index.js
[Server(4214) file:///var/www/reactjs/react-saga/react-saga-lession01] Document changed: file:///var/www/reactjs/react-saga/react-saga-lession01/src/saga/index.js
[Server(4214) file:///var/www/reactjs/react-saga/react-saga-lession01] Document changed: file:///var/www/reactjs/react-saga/react-saga-lession01/src/saga/index.js
[Server(4214) file:///var/www/reactjs/react-saga/react-saga-lession01] Document changed: file:///var/www/reactjs/react-saga/react-saga-lession01/src/saga/index.js
[Server(4214) file:///var/www/reactjs/react-saga/react-saga-lession01] Document changed: file:///var/www/reactjs/react-saga/react-saga-lession01/src/saga/index.js
[Server(4214) file:///var/www/reactjs/react-saga/react-saga-lession01] Document changed: file:///var/www/reactjs/react-saga/react-saga-lession01/src/saga/index.js
[Server(4214) file:///var/www/reactjs/react-saga/react-saga-lession01] Document changed: file:///var/www/reactjs/react-saga/react-saga-lession01/src/saga/index.js
[Server(4214) file:///var/www/reactjs/react-saga/react-saga-lession01] Document changed: file:///var/www/reactjs/react-saga/react-saga-lession01/src/saga/index.js
[Server(4214) file:///var/www/reactjs/react-saga/react-saga-lession01] Document changed: file:///var/www/reactjs/react-saga/react-saga-lession01/src/saga/index.js
[Server(4214) file:///var/www/reactjs/react-saga/react-saga-lession01] Document changed: file:///var/www/reactjs/react-saga/react-saga-lession01/src/saga/index.js
[Server(4214) file:///var/www/reactjs/react-saga/react-saga-lession01] Document changed: file:///var/www/reactjs/react-saga/react-saga-lession01/src/saga/index.js
[Server(4214) file:///var/www/reactjs/react-saga/react-saga-lession01] Document changed: file:///var/www/reactjs/react-saga/react-saga-lession01/src/saga/index.js
[Server(4214) file:///var/www/reactjs/react-saga/react-saga-lession01] Document changed: file:///var/www/reactjs/react-saga/react-saga-lession01/src/saga/index.js
[Server(4214) file:///var/www/reactjs/react-saga/react-saga-lession01] Document changed: file:///var/www/reactjs/react-saga/react-saga-lession01/src/saga/index.js
[Server(4214) file:///var/www/reactjs/react-saga/react-saga-lession01] Document changed: file:///var/www/reactjs/react-saga/react-saga-lession01/src/saga/index.js
[Server(4214) file:///var/www/reactjs/react-saga/react-saga-lession01] Document changed: file:///var/www/reactjs/react-saga/react-saga-lession01/src/saga/index.js
[Server(4214) file:///var/www/reactjs/react-saga/react-saga-lession01] Document changed: file:///var/www/reactjs/react-saga/react-saga-lession01/src/saga/index.js
[Server(4214) file:///var/www/reactjs/react-saga/react-saga-lession01] Document changed: file:///var/www/reactjs/react-saga/react-saga-lession01/src/saga/index.js
[Server(4214) file:///var/www/reactjs/react-saga/react-saga-lession01] Document changed: file:///var/www/reactjs/react-saga/react-saga-lession01/src/saga/index.js
[Server(4214) file:///var/www/reactjs/react-saga/react-saga-lession01] Document changed: file:///var/www/reactjs/react-saga/react-saga-lession01/src/saga/index.js
Invalid Selector...
[Server(4214) file:///var/www/reactjs/react-saga/react-saga-lession01] Document changed: file:///var/www/reactjs/react-saga/react-saga-lession01/src/saga/index.js
[Server(4214) file:///var/www/reactjs/react-saga/react-saga-lession01] Document changed: file:///var/www/reactjs/react-saga/react-saga-lession01/src/saga/index.js
[Server(4214) file:///var/www/reactjs/react-saga/react-saga-lession01] Document changed: file:///var/www/reactjs/react-saga/react-saga-lession01/src/saga/index.js
[Server(4214) file:///var/www/reactjs/react-saga/react-saga-lession01] Document changed: file:///var/www/reactjs/react-saga/react-saga-lession01/src/saga/index.js
Invalid Selector...
Invalid Selector...
Invalid Selector...
Invalid Selector...
Invalid Selector...
Invalid Selector...
Invalid Selector...
[Server(4214) file:///var/www/reactjs/react-saga/react-saga-lession01] Document opened: file:///var/www/reactjs/react-saga/react-saga-lession01/src/constants/ui.js
[Server(4214) file:///var/www/reactjs/react-saga/react-saga-lession01] Document changed: file:///var/www/reactjs/react-saga/react-saga-lession01/src/constants/ui.js
[Server(4214) file:///var/www/reactjs/react-saga/react-saga-lession01] Document changed: file:///var/www/reactjs/react-saga/react-saga-lession01/src/saga/index.js
[Server(4214) file:///var/www/reactjs/react-saga/react-saga-lession01] Document changed: file:///var/www/reactjs/react-saga/react-saga-lession01/src/saga/index.js
Invalid Selector...
[Server(4214) file:///var/www/reactjs/react-saga/react-saga-lession01] Document opened: file:///var/www/reactjs/react-saga/react-saga-lession01/src/constants/task.js
[Server(4214) file:///var/www/reactjs/react-saga/react-saga-lession01] Document changed: file:///var/www/reactjs/react-saga/react-saga-lession01/src/constants/task.js
Invalid Selector...
Invalid Selector...
Invalid Selector...
Invalid Selector...
Invalid Selector...
[Server(4214) file:///var/www/reactjs/react-saga/react-saga-lession01] Document changed: file:///var/www/reactjs/react-saga/react-saga-lession01/src/saga/index.js
[Server(4214) file:///var/www/reactjs/react-saga/react-saga-lession01] Document changed: file:///var/www/reactjs/react-saga/react-saga-lession01/src/saga/index.js
[Server(4214) file:///var/www/reactjs/react-saga/react-saga-lession01] Document changed: file:///var/www/reactjs/react-saga/react-saga-lession01/src/saga/index.js
[Server(4214) file:///var/www/reactjs/react-saga/react-saga-lession01] Document changed: file:///var/www/reactjs/react-saga/react-saga-lession01/src/saga/index.js
[Server(4214) file:///var/www/reactjs/react-saga/react-saga-lession01] Document changed: file:///var/www/reactjs/react-saga/react-saga-lession01/src/saga/index.js
Invalid Selector...
[Server(4214) file:///var/www/reactjs/react-saga/react-saga-lession01] Document changed: file:///var/www/reactjs/react-saga/react-saga-lession01/src/saga/index.js
[Server(4214) file:///var/www/reactjs/react-saga/react-saga-lession01] Document changed: file:///var/www/reactjs/react-saga/react-saga-lession01/src/saga/index.js
[Server(4214) file:///var/www/reactjs/react-saga/react-saga-lession01] Document changed: file:///var/www/reactjs/react-saga/react-saga-lession01/src/saga/index.js
[Server(4214) file:///var/www/reactjs/react-saga/react-saga-lession01] Document changed: file:///var/www/reactjs/react-saga/react-saga-lession01/src/saga/index.js
[Server(4214) file:///var/www/reactjs/react-saga/react-saga-lession01] Document changed: file:///var/www/reactjs/react-saga/react-saga-lession01/src/saga/index.js
[Server(4214) file:///var/www/reactjs/react-saga/react-saga-lession01] Document changed: file:///var/www/reactjs/react-saga/react-saga-lession01/src/saga/index.js
[Server(4214) file:///var/www/reactjs/react-saga/react-saga-lession01] Document changed: file:///var/www/reactjs/react-saga/react-saga-lession01/src/saga/index.js
Invalid Selector...
Invalid Selector...
Invalid Selector...
Invalid Selector...
Invalid Selector...
Invalid Selector...
[Server(4214) file:///var/www/reactjs/react-saga/react-saga-lession01] Document changed: file:///var/www/reactjs/react-saga/react-saga-lession01/src/saga/index.js
[Server(4214) file:///var/www/reactjs/react-saga/react-saga-lession01] Document changed: file:///var/www/reactjs/react-saga/react-saga-lession01/src/saga/index.js
[Server(4214) file:///var/www/reactjs/react-saga/react-saga-lession01] Document changed: file:///var/www/reactjs/react-saga/react-saga-lession01/src/saga/index.js
[Server(4214) file:///var/www/reactjs/react-saga/react-saga-lession01] Document changed: file:///var/www/reactjs/react-saga/react-saga-lession01/src/saga/index.js
Invalid Selector...
[Server(4214) file:///var/www/reactjs/react-saga/react-saga-lession01] Document opened: file:///var/www/reactjs/react-saga/react-saga-lession01/src/apis/task.js
[Server(4214) file:///var/www/reactjs/react-saga/react-saga-lession01] Document changed: file:///var/www/reactjs/react-saga/react-saga-lession01/src/apis/task.js
Invalid Selector...
[Server(4214) file:///var/www/reactjs/react-saga/react-saga-lession01] Document opened: file:///var/www/reactjs/react-saga/react-saga-lession01/src/apis/task.js
[Server(4214) file:///var/www/reactjs/react-saga/react-saga-lession01] Document changed: file:///var/www/reactjs/react-saga/react-saga-lession01/src/apis/task.js
[Server(4214) file:///var/www/reactjs/react-saga/react-saga-lession01] Document changed: file:///var/www/reactjs/react-saga/react-saga-lession01/src/saga/index.js
[Server(4214) file:///var/www/reactjs/react-saga/react-saga-lession01] Document changed: file:///var/www/reactjs/react-saga/react-saga-lession01/src/saga/index.js
[Server(4214) file:///var/www/reactjs/react-saga/react-saga-lession01] Document changed: file:///var/www/reactjs/react-saga/react-saga-lession01/src/saga/index.js
Invalid Selector...
Invalid Selector...
[Server(4214) file:///var/www/reactjs/react-saga/react-saga-lession01] Document opened: file:///var/www/reactjs/react-saga/react-saga-lession01/src/actions/task.js
[Server(4214) file:///var/www/reactjs/react-saga/react-saga-lession01] Document changed: file:///var/www/reactjs/react-saga/react-saga-lession01/src/actions/task.js
Invalid Selector...
Invalid Selector...
Invalid Selector...
Invalid Selector...
[Server(4214) file:///var/www/reactjs/react-saga/react-saga-lession01] Document changed: file:///var/www/reactjs/react-saga/react-saga-lession01/src/saga/index.js
[Server(4214) file:///var/www/reactjs/react-saga/react-saga-lession01] Document changed: file:///var/www/reactjs/react-saga/react-saga-lession01/src/saga/index.js
Invalid Selector...
[Server(4214) file:///var/www/reactjs/react-saga/react-saga-lession01] Document changed: file:///var/www/reactjs/react-saga/react-saga-lession01/src/saga/index.js
[Server(4214) file:///var/www/reactjs/react-saga/react-saga-lession01] Document changed: file:///var/www/reactjs/react-saga/react-saga-lession01/src/saga/index.js
[Server(4214) file:///var/www/reactjs/react-saga/react-saga-lession01] Document changed: file:///var/www/reactjs/react-saga/react-saga-lession01/src/saga/index.js
[Server(4214) file:///var/www/reactjs/react-saga/react-saga-lession01] Document changed: file:///var/www/reactjs/react-saga/react-saga-lession01/src/saga/index.js
[Server(4214) file:///var/www/reactjs/react-saga/react-saga-lession01] Document changed: file:///var/www/reactjs/react-saga/react-saga-lession01/src/saga/index.js
[Server(4214) file:///var/www/reactjs/react-saga/react-saga-lession01] Document changed: file:///var/www/reactjs/react-saga/react-saga-lession01/src/saga/index.js
[Server(4214) file:///var/www/reactjs/react-saga/react-saga-lession01] Document changed: file:///var/www/reactjs/react-saga/react-saga-lession01/src/saga/index.js
[Server(4214) file:///var/www/reactjs/react-saga/react-saga-lession01] Document changed: file:///var/www/reactjs/react-saga/react-saga-lession01/src/saga/index.js
[Server(4214) file:///var/www/reactjs/react-saga/react-saga-lession01] Document changed: file:///var/www/reactjs/react-saga/react-saga-lession01/src/saga/index.js
[Server(4214) file:///var/www/reactjs/react-saga/react-saga-lession01] Document changed: file:///var/www/reactjs/react-saga/react-saga-lession01/src/saga/index.js
[Server(4214) file:///var/www/reactjs/react-saga/react-saga-lession01] Document changed: file:///var/www/reactjs/react-saga/react-saga-lession01/src/saga/index.js
[Server(4214) file:///var/www/reactjs/react-saga/react-saga-lession01] Document changed: file:///var/www/reactjs/react-saga/react-saga-lession01/src/saga/index.js
[Server(4214) file:///var/www/reactjs/react-saga/react-saga-lession01] Document changed: file:///var/www/reactjs/react-saga/react-saga-lession01/src/saga/index.js
[Server(4214) file:///var/www/reactjs/react-saga/react-saga-lession01] Document changed: file:///var/www/reactjs/react-saga/react-saga-lession01/src/saga/index.js
[Server(4214) file:///var/www/reactjs/react-saga/react-saga-lession01] Document changed: file:///var/www/reactjs/react-saga/react-saga-lession01/src/saga/index.js
[Server(4214) file:///var/www/reactjs/react-saga/react-saga-lession01] Document changed: file:///var/www/reactjs/react-saga/react-saga-lession01/src/saga/index.js
Invalid Selector...
[Server(4214) file:///var/www/reactjs/react-saga/react-saga-lession01] Document opened: file:///var/www/reactjs/react-saga/react-saga-lession01/node_modules/%40redux-saga/core/effects.d.ts
[Server(4214) file:///var/www/reactjs/react-saga/react-saga-lession01] Document changed: file:///var/www/reactjs/react-saga/react-saga-lession01/node_modules/%40redux-saga/core/effects.d.ts
Invalid Selector...
[Server(4214) file:///var/www/reactjs/react-saga/react-saga-lession01] Document changed: file:///var/www/reactjs/react-saga/react-saga-lession01/src/saga/index.js
[Server(4214) file:///var/www/reactjs/react-saga/react-saga-lession01] Document changed: file:///var/www/reactjs/react-saga/react-saga-lession01/src/saga/index.js
[Server(4214) file:///var/www/reactjs/react-saga/react-saga-lession01] Document changed: file:///var/www/reactjs/react-saga/react-saga-lession01/src/saga/index.js
[Server(4214) file:///var/www/reactjs/react-saga/react-saga-lession01] Document changed: file:///var/www/reactjs/react-saga/react-saga-lession01/src/saga/index.js
[Server(4214) file:///var/www/reactjs/react-saga/react-saga-lession01] Document changed: file:///var/www/reactjs/react-saga/react-saga-lession01/src/saga/index.js
[Server(4214) file:///var/www/reactjs/react-saga/react-saga-lession01] Document changed: file:///var/www/reactjs/react-saga/react-saga-lession01/src/saga/index.js
[Server(4214) file:///var/www/reactjs/react-saga/react-saga-lession01] Document changed: file:///var/www/reactjs/react-saga/react-saga-lession01/src/saga/index.js
[Server(4214) file:///var/www/reactjs/react-saga/react-saga-lession01] Document changed: file:///var/www/reactjs/react-saga/react-saga-lession01/src/saga/index.js
[Server(4214) file:///var/www/reactjs/react-saga/react-saga-lession01] Document changed: file:///var/www/reactjs/react-saga/react-saga-lession01/src/saga/index.js
[Server(4214) file:///var/www/reactjs/react-saga/react-saga-lession01] Document changed: file:///var/www/reactjs/react-saga/react-saga-lession01/src/saga/index.js
[Server(4214) file:///var/www/reactjs/react-saga/react-saga-lession01] Document changed: file:///var/www/reactjs/react-saga/react-saga-lession01/src/saga/index.js
[Server(4214) file:///var/www/reactjs/react-saga/react-saga-lession01] Document changed: file:///var/www/reactjs/react-saga/react-saga-lession01/src/saga/index.js
[Server(4214) file:///var/www/reactjs/react-saga/react-saga-lession01] Document changed: file:///var/www/reactjs/react-saga/react-saga-lession01/src/saga/index.js
Invalid Selector...
[Server(4214) file:///var/www/reactjs/react-saga/react-saga-lession01] Document changed: file:///var/www/reactjs/react-saga/react-saga-lession01/src/saga/index.js
[Server(4214) file:///var/www/reactjs/react-saga/react-saga-lession01] Document changed: file:///var/www/reactjs/react-saga/react-saga-lession01/src/saga/index.js
[Server(4214) file:///var/www/reactjs/react-saga/react-saga-lession01] Document changed: file:///var/www/reactjs/react-saga/react-saga-lession01/src/saga/index.js
[Server(4214) file:///var/www/reactjs/react-saga/react-saga-lession01] Document changed: file:///var/www/reactjs/react-saga/react-saga-lession01/src/saga/index.js
[Server(4214) file:///var/www/reactjs/react-saga/react-saga-lession01] Document changed: file:///var/www/reactjs/react-saga/react-saga-lession01/src/saga/index.js
[Server(4214) file:///var/www/reactjs/react-saga/react-saga-lession01] Document changed: file:///var/www/reactjs/react-saga/react-saga-lession01/src/saga/index.js
[Server(4214) file:///var/www/reactjs/react-saga/react-saga-lession01] Document changed: file:///var/www/reactjs/react-saga/react-saga-lession01/src/saga/index.js
[Server(4214) file:///var/www/reactjs/react-saga/react-saga-lession01] Document changed: file:///var/www/reactjs/react-saga/react-saga-lession01/src/saga/index.js
[Server(4214) file:///var/www/reactjs/react-saga/react-saga-lession01] Document changed: file:///var/www/reactjs/react-saga/react-saga-lession01/src/saga/index.js
[Server(4214) file:///var/www/reactjs/react-saga/react-saga-lession01] Document changed: file:///var/www/reactjs/react-saga/react-saga-lession01/src/saga/index.js
