Initializing document watcher...
Detected change in configuration: {}
react-saga-lession01/src/redux/configStore.js: {}
react-saga-lession01/src/redux/configStore.js: {}
react-saga-lession01/src/reducers/index.js: {}
react-saga-lession01/src/reducers/index.js: {}
react-saga-lession01/src/redux/configStore.js: {}
react-saga-lession01/src/redux/configStore.js: Using EditorConfig core...
react-saga-lession01/src/redux/configStore.js: Using EditorConfig core...
react-saga-lession01/src/redux/configStore.js: Using EditorConfig core...
react-saga-lession01/src/redux/configStore.js: Using EditorConfig core...
react-saga-lession01/src/redux/configStore.js: Using EditorConfig core...
react-saga-lession01/src/redux/configStore.js: Using EditorConfig core...
react-saga-lession01/src/redux/configStore.js: Using EditorConfig core...
react-saga-lession01/src/redux/configStore.js: Using EditorConfig core...
react-saga-lession01/src/redux/configStore.js: Using EditorConfig core...
react-saga-lession01/src/redux/configStore.js: Using EditorConfig core...
react-saga-lession01/src/redux/configStore.js: Using EditorConfig core...
react-saga-lession01/src/redux/configStore.js: Using EditorConfig core...
react-saga-lession01/src/redux/configStore.js: Using EditorConfig core...
react-saga-lession01/src/redux/configStore.js: Using EditorConfig core...
react-saga-lession01/src/redux/configStore.js: Using EditorConfig core...
react-saga-lession01/src/redux/configStore.js: Using EditorConfig core...
react-saga-lession01/src/redux/configStore.js: Using EditorConfig core...
react-saga-lession01/src/redux/configStore.js: Using EditorConfig core...
react-saga-lession01/src/redux/configStore.js: {}
react-saga-lession01/src/redux/configStore.js: Using EditorConfig core...
react-saga-lession01/src/redux/configStore.js: Using EditorConfig core...
react-saga-lession01/src/redux/configStore.js: Using EditorConfig core...
react-saga-lession01/src/redux/configStore.js: Using EditorConfig core...
react-saga-lession01/src/redux/configStore.js: {}
react-saga-lession01/src/redux/configStore.js: Using EditorConfig core...
react-saga-lession01/src/redux/configStore.js: Using EditorConfig core...
react-saga-lession01/src/redux/configStore.js: Using EditorConfig core...
react-saga-lession01/src/redux/configStore.js: Using EditorConfig core...
react-saga-lession01/src/redux/configStore.js: Using EditorConfig core...
react-saga-lession01/src/redux/configStore.js: {}
react-saga-lession01/src/redux/configStore.js: {}
react-saga-lession01/src/redux/configStore.js: {}
react-saga-lession01/src/redux/configStore.js: {}
react-saga-lession01/src/redux/configStore.js: {}
react-saga-lession01/src/redux/configStore.js: {}
react-saga-lession01/src/redux/configStore.js: {}
react-saga-lession01/src/redux/configStore.js: {}
react-saga-lession01/src/redux/configStore.js: Using EditorConfig core...
react-saga-lession01/src/redux/configStore.js: Using EditorConfig core...
react-saga-lession01/src/redux/configStore.js: Using EditorConfig core...
react-saga-lession01/src/redux/configStore.js: Using EditorConfig core...
react-saga-lession01/src/redux/configStore.js: {}
react-saga-lession01/src/redux/configStore.js: Using EditorConfig core...
react-saga-lession01/src/redux/configStore.js: Using EditorConfig core...
react-saga-lession01/src/redux/configStore.js: Using EditorConfig core...
react-saga-lession01/src/redux/configStore.js: Using EditorConfig core...
react-saga-lession01/src/redux/configStore.js: Using EditorConfig core...
react-saga-lession01/src/redux/configStore.js: Using EditorConfig core...
react-saga-lession01/src/redux/configStore.js: Using EditorConfig core...
react-saga-lession01/src/redux/configStore.js: Using EditorConfig core...
react-saga-lession01/src/redux/configStore.js: Using EditorConfig core...
react-saga-lession01/src/redux/configStore.js: Using EditorConfig core...
react-saga-lession01/src/redux/configStore.js: Using EditorConfig core...
react-saga-lession01/src/redux/configStore.js: Using EditorConfig core...
react-saga-lession01/src/redux/configStore.js: Using EditorConfig core...
react-saga-lession01/src/redux/configStore.js: {}
react-saga-lession01/src/redux/configStore.js: {}
react-saga-lession01/src/redux/configStore.js: Using EditorConfig core...
react-saga-lession01/src/redux/configStore.js: Using EditorConfig core...
react-saga-lession01/src/redux/configStore.js: Using EditorConfig core...
react-saga-lession01/src/redux/configStore.js: Using EditorConfig core...
react-saga-lession01/src/redux/configStore.js: Using EditorConfig core...
react-saga-lession01/src/redux/configStore.js: Using EditorConfig core...
react-saga-lession01/src/redux/configStore.js: Using EditorConfig core...
react-saga-lession01/src/redux/configStore.js: Using EditorConfig core...
react-saga-lession01/src/redux/configStore.js: Using EditorConfig core...
react-saga-lession01/src/redux/configStore.js: Using EditorConfig core...
react-saga-lession01/src/redux/configStore.js: Using EditorConfig core...
react-saga-lession01/src/redux/configStore.js: {}
react-saga-lession01/src/redux/configStore.js: Using EditorConfig core...
react-saga-lession01/src/redux/configStore.js: Using EditorConfig core...
react-saga-lession01/src/redux/configStore.js: Using EditorConfig core...
react-saga-lession01/src/redux/configStore.js: Using EditorConfig core...
react-saga-lession01/src/redux/configStore.js: {}
react-saga-lession01/src/containers/App/index.js: {}
react-saga-lession01/src/containers/App/index.js: {}
react-saga-lession01/src/containers/App/index.js: Using EditorConfig core...
react-saga-lession01/src/containers/App/index.js: Using EditorConfig core...
react-saga-lession01/src/containers/App/index.js: Using EditorConfig core...
react-saga-lession01/src/containers/App/index.js: {}
react-saga-lession01/src/containers/App/index.js: Using EditorConfig core...
react-saga-lession01/src/containers/App/index.js: Using EditorConfig core...
react-saga-lession01/src/containers/App/index.js: Using EditorConfig core...
react-saga-lession01/src/containers/App/index.js: {}
react-saga-lession01/src/containers/App/index.js: Using EditorConfig core...
react-saga-lession01/src/containers/App/index.js: Using EditorConfig core...
react-saga-lession01/src/containers/App/index.js: Using EditorConfig core...
react-saga-lession01/src/containers/App/index.js: Using EditorConfig core...
react-saga-lession01/src/containers/App/index.js: Using EditorConfig core...
react-saga-lession01/src/containers/App/index.js: Using EditorConfig core...
react-saga-lession01/src/containers/App/index.js: Using EditorConfig core...
react-saga-lession01/src/containers/App/index.js: Using EditorConfig core...
react-saga-lession01/src/containers/App/index.js: Using EditorConfig core...
react-saga-lession01/src/containers/App/index.js: Using EditorConfig core...
react-saga-lession01/src/containers/App/index.js: Using EditorConfig core...
react-saga-lession01/src/containers/App/index.js: {}
react-saga-lession01/src/containers/App/app.js: {}
react-saga-lession01/src/containers/App/app.js: Using EditorConfig core...
react-saga-lession01/src/containers/App/app.js: Using EditorConfig core...
react-saga-lession01/src/containers/App/app.js: Using EditorConfig core...
react-saga-lession01/src/containers/App/app.js: Using EditorConfig core...
react-saga-lession01/src/containers/App/app.js: Using EditorConfig core...
react-saga-lession01/src/containers/App/index.js: {}
react-saga-lession01/src/containers/App/index.js: {}
react-saga-lession01/src/redux/configStore.js: {}
react-saga-lession01/src/redux/task.js: {}
react-saga-lession01/src/redux/task.js: {}
react-saga-lession01/src/redux/task.js: {}
react-saga-lession01/src/redux/task.js: Using EditorConfig core...
react-saga-lession01/src/redux/task.js: Using EditorConfig core...
react-saga-lession01/src/redux/task.js: Using EditorConfig core...
react-saga-lession01/src/redux/task.js: Using EditorConfig core...
react-saga-lession01/src/redux/task.js: {}
react-saga-lession01/src/redux/configStore.js: {}
react-saga-lession01/src/redux/configStore.js: {}
react-saga-lession01/src/reducers/index.js: {}
react-saga-lession01/src/reducers/task.js: {}
react-saga-lession01/src/reducers/index.js: {}
react-saga-lession01/src/reducers/index.js: {}
react-saga-lession01/src/reducers/task.js: {}
react-saga-lession01/src/reducers/index.js: {}
react-saga-lession01/src/containers/App/index.js: {}
react-saga-lession01/src/containers/App/index.js: Using EditorConfig core...
react-saga-lession01/src/containers/App/index.js: {}
react-saga-lession01/src/reducers/index.js: {}
react-saga-lession01/src/redux/configStore.js: {}
react-saga-lession01/src/redux/configStore.js: Using EditorConfig core...
react-saga-lession01/src/redux/configStore.js: Using EditorConfig core...
react-saga-lession01/src/redux/configStore.js: Using EditorConfig core...
react-saga-lession01/src/reducers/index.js: {}
react-saga-lession01/src/reducers/index.js: Using EditorConfig core...
react-saga-lession01/src/reducers/index.js: Using EditorConfig core...
react-saga-lession01/src/reducers/index.js: Using EditorConfig core...
react-saga-lession01/src/reducers/index.js: Using EditorConfig core...
react-saga-lession01/src/reducers/index.js: Using EditorConfig core...
react-saga-lession01/src/reducers/index.js: Using EditorConfig core...
react-saga-lession01/src/reducers/index.js: Using EditorConfig core...
react-saga-lession01/src/reducers/index.js: Using EditorConfig core...
react-saga-lession01/src/reducers/index.js: Using EditorConfig core...
react-saga-lession01/src/reducers/index.js: Using EditorConfig core...
react-saga-lession01/src/reducers/index.js: Using EditorConfig core...
react-saga-lession01/src/reducers/index.js: {}
react-saga-lession01/src/reducers/index.js: Using EditorConfig core...
react-saga-lession01/src/reducers/index.js: Using EditorConfig core...
react-saga-lession01/src/reducers/index.js: Using EditorConfig core...
react-saga-lession01/src/reducers/index.js: Using EditorConfig core...
react-saga-lession01/src/reducers/index.js: {}
react-saga-lession01/src/redux/configStore.js: {}
react-saga-lession01/src/reducers/index.js: {}
react-saga-lession01/src/reducers/index.js: Using EditorConfig core...
react-saga-lession01/src/reducers/index.js: Using EditorConfig core...
react-saga-lession01/src/reducers/task.js: {}
react-saga-lession01/src/reducers/task.js: Using EditorConfig core...
react-saga-lession01/src/reducers/task.js: Using EditorConfig core...
react-saga-lession01/src/reducers/task.js: Using EditorConfig core...
react-saga-lession01/src/reducers/task.js: Using EditorConfig core...
react-saga-lession01/src/reducers/task.js: Using EditorConfig core...
react-saga-lession01/src/reducers/task.js: Using EditorConfig core...
react-saga-lession01/src/reducers/task.js: Using EditorConfig core...
react-saga-lession01/src/reducers/task.js: Using EditorConfig core...
react-saga-lession01/src/reducers/task.js: Using EditorConfig core...
react-saga-lession01/src/reducers/task.js: Using EditorConfig core...
react-saga-lession01/src/reducers/task.js: Using EditorConfig core...
react-saga-lession01/src/reducers/task.js: {}
react-saga-lession01/src/redux/configStore.js: {}
react-saga-lession01/src/redux/configStore.js: Using EditorConfig core...
react-saga-lession01/src/redux/configStore.js: Using EditorConfig core...
react-saga-lession01/src/redux/configStore.js: Using EditorConfig core...
react-saga-lession01/src/redux/configStore.js: Using EditorConfig core...
react-saga-lession01/src/redux/configStore.js: Using EditorConfig core...
react-saga-lession01/src/redux/configStore.js: Using EditorConfig core...
react-saga-lession01/src/redux/configStore.js: Using EditorConfig core...
react-saga-lession01/src/redux/configStore.js: Using EditorConfig core...
react-saga-lession01/src/redux/configStore.js: Using EditorConfig core...
react-saga-lession01/src/redux/configStore.js: Using EditorConfig core...
react-saga-lession01/src/redux/configStore.js: {}
react-saga-lession01/src/reducers/index.js: {}
react-saga-lession01/src/reducers/task.js: {}
react-saga-lession01/src/constants/index.js: {}
react-saga-lession01/src/constants/index.js: {}
react-saga-lession01/src/constants/index.js: Using EditorConfig core...
react-saga-lession01/src/constants/index.js: Using EditorConfig core...
react-saga-lession01/src/constants/index.js: Using EditorConfig core...
react-saga-lession01/src/constants/index.js: Using EditorConfig core...
react-saga-lession01/src/constants/index.js: Using EditorConfig core...
react-saga-lession01/src/constants/index.js: Using EditorConfig core...
react-saga-lession01/src/constants/index.js: Using EditorConfig core...
react-saga-lession01/src/constants/index.js: {}
react-saga-lession01/src/constants/index.js: {}
react-saga-lession01/src/constants/task.js: {}
react-saga-lession01/src/constants/task.js: Using EditorConfig core...
react-saga-lession01/src/constants/task.js: Using EditorConfig core...
react-saga-lession01/src/constants/task.js: Using EditorConfig core...
react-saga-lession01/src/constants/task.js: Using EditorConfig core...
react-saga-lession01/src/constants/task.js: {}
react-saga-lession01/src/constants/task.js: {}
react-saga-lession01/src/commans/AxiosService.js: {}
react-saga-lession01/src/commans/AxiosService.js: Using EditorConfig core...
react-saga-lession01/src/commans/AxiosService.js: {}
react-saga-lession01/src/commans/AxiosService.js: Using EditorConfig core...
react-saga-lession01/src/commans/AxiosService.js: {}
react-saga-lession01/src/commans/AxiosService.js: Using EditorConfig core...
react-saga-lession01/src/commans/AxiosService.js: Using EditorConfig core...
react-saga-lession01/src/commans/AxiosService.js: Using EditorConfig core...
react-saga-lession01/src/commans/AxiosService.js: {}
react-saga-lession01/src/commans/AxiosService.js: Using EditorConfig core...
react-saga-lession01/src/commans/AxiosService.js: Using EditorConfig core...
react-saga-lession01/src/commans/AxiosService.js: Using EditorConfig core...
react-saga-lession01/src/commans/AxiosService.js: Using EditorConfig core...
react-saga-lession01/src/commans/AxiosService.js: {}
react-saga-lession01/src/ajax/task.js: {}
react-saga-lession01/src/ajax/task.js: {}
react-saga-lession01/src/constants/task.js: {}
react-saga-lession01/src/constants/index.js: {}
react-saga-lession01/src/constants/task.js: {}
react-saga-lession01/src/constants/task.js: Using EditorConfig core...
react-saga-lession01/src/constants/task.js: {}
react-saga-lession01/src/ajax/task.js: {}
react-saga-lession01/src/ajax/task.js: Using EditorConfig core...
react-saga-lession01/src/ajax/task.js: Using EditorConfig core...
react-saga-lession01/src/ajax/task.js: Using EditorConfig core...
react-saga-lession01/src/ajax/task.js: Using EditorConfig core...
react-saga-lession01/src/ajax/task.js: Using EditorConfig core...
react-saga-lession01/src/constants/index.js: {}
react-saga-lession01/src/ajax/task.js: {}
react-saga-lession01/src/ajax/task.js: Using EditorConfig core...
react-saga-lession01/src/ajax/task.js: Using EditorConfig core...
react-saga-lession01/src/ajax/task.js: Using EditorConfig core...
react-saga-lession01/src/ajax/task.js: Using EditorConfig core...
react-saga-lession01/src/ajax/task.js: Using EditorConfig core...
react-saga-lession01/src/ajax/task.js: Using EditorConfig core...
react-saga-lession01/src/ajax/task.js: {}
react-saga-lession01/src/commans/AxiosService.js: {}
react-saga-lession01/src/commans/AxiosService.js: {}
react-saga-lession01/src/commans/AxiosService.js: {}
react-saga-lession01/src/commans/AxiosService.js: Using EditorConfig core...
react-saga-lession01/src/commans/AxiosService.js: Using EditorConfig core...
react-saga-lession01/src/commans/AxiosService.js: Using EditorConfig core...
react-saga-lession01/src/commans/AxiosService.js: {}
react-saga-lession01/src/commans/AxiosService.js: {}
react-saga-lession01/src/actions/task.js: {}
react-saga-lession01/src/actions/task.js: {}
react-saga-lession01/src/actions/task.js: Using EditorConfig core...
react-saga-lession01/src/actions/task.js: Using EditorConfig core...
react-saga-lession01/src/actions/task.js: Using EditorConfig core...
react-saga-lession01/src/actions/task.js: Using EditorConfig core...
react-saga-lession01/src/actions/task.js: Using EditorConfig core...
react-saga-lession01/src/actions/task.js: {}
react-saga-lession01/src/apis/task.js: {}
react-saga-lession01/src/actions/task.js: {}
react-saga-lession01/src/apis/task.js: {}
react-saga-lession01/src/commans/AxiosService.js: {}
react-saga-lession01/src/commans/AxiosService.js: {}
react-saga-lession01/src/actions/task.js: {}
react-saga-lession01/src/actions/task.js: {}
react-saga-lession01/src/apis/task.js: {}
react-saga-lession01/src/apis/task.js: Using EditorConfig core...
react-saga-lession01/src/apis/task.js: {}
react-saga-lession01/src/reducers/index.js: {}
react-saga-lession01/src/actions/task.js: {}
react-saga-lession01/src/apis/task.js: {}
react-saga-lession01/src/actions/task.js: {}
react-saga-lession01/src/actions/task.js: Using EditorConfig core...
react-saga-lession01/src/actions/task.js: Using EditorConfig core...
react-saga-lession01/src/actions/task.js: Using EditorConfig core...
react-saga-lession01/src/actions/task.js: {}
react-saga-lession01/src/actions/task.js: Using EditorConfig core...
react-saga-lession01/src/actions/task.js: Using EditorConfig core...
react-saga-lession01/src/actions/task.js: Using EditorConfig core...
react-saga-lession01/src/actions/task.js: Using EditorConfig core...
react-saga-lession01/src/actions/task.js: Using EditorConfig core...
react-saga-lession01/src/actions/task.js: Using EditorConfig core...
react-saga-lession01/src/actions/task.js: Using EditorConfig core...
react-saga-lession01/src/actions/task.js: Using EditorConfig core...
react-saga-lession01/src/actions/task.js: Using EditorConfig core...
react-saga-lession01/src/actions/task.js: Using EditorConfig core...
react-saga-lession01/src/actions/task.js: {}
react-saga-lession01/src/containers/Taskboard/index.js: {}
react-saga-lession01/src/containers/Taskboard/index.js: Using EditorConfig core...
react-saga-lession01/src/containers/Taskboard/index.js: Using EditorConfig core...
react-saga-lession01/src/containers/Taskboard/index.js: Using EditorConfig core...
react-saga-lession01/src/containers/Taskboard/index.js: {}
react-saga-lession01/src/containers/Taskboard/index.js: Using EditorConfig core...
react-saga-lession01/src/containers/Taskboard/index.js: Using EditorConfig core...
react-saga-lession01/src/containers/Taskboard/index.js: Using EditorConfig core...
react-saga-lession01/src/containers/Taskboard/index.js: Using EditorConfig core...
react-saga-lession01/src/containers/Taskboard/index.js: Using EditorConfig core...
react-saga-lession01/src/containers/Taskboard/index.js: Using EditorConfig core...
react-saga-lession01/src/containers/Taskboard/index.js: {}
react-saga-lession01/src/containers/Taskboard/index.js: {}
react-saga-lession01/src/containers/Taskboard/index.js: Using EditorConfig core...
react-saga-lession01/src/containers/Taskboard/index.js: Using EditorConfig core...
react-saga-lession01/src/containers/Taskboard/index.js: Using EditorConfig core...
react-saga-lession01/src/containers/Taskboard/index.js: {}
react-saga-lession01/src/containers/Taskboard/index.js: {}
react-saga-lession01/src/containers/Taskboard/index.js: {}
react-saga-lession01/src/containers/Taskboard/index.js: {}
react-saga-lession01/src/containers/Taskboard/index.js: Using EditorConfig core...
react-saga-lession01/src/containers/Taskboard/index.js: Using EditorConfig core...
react-saga-lession01/src/containers/Taskboard/index.js: Using EditorConfig core...
react-saga-lession01/src/containers/Taskboard/index.js: Using EditorConfig core...
react-saga-lession01/src/containers/Taskboard/index.js: Using EditorConfig core...
react-saga-lession01/src/containers/Taskboard/index.js: Using EditorConfig core...
react-saga-lession01/src/containers/Taskboard/index.js: Using EditorConfig core...
react-saga-lession01/src/containers/Taskboard/index.js: Using EditorConfig core...
react-saga-lession01/src/containers/Taskboard/index.js: Using EditorConfig core...
react-saga-lession01/src/containers/Taskboard/index.js: Using EditorConfig core...
react-saga-lession01/src/containers/Taskboard/index.js: Using EditorConfig core...
react-saga-lession01/src/containers/Taskboard/index.js: Using EditorConfig core...
react-saga-lession01/src/containers/Taskboard/index.js: Using EditorConfig core...
react-saga-lession01/src/containers/Taskboard/index.js: Using EditorConfig core...
react-saga-lession01/src/containers/Taskboard/index.js: Using EditorConfig core...
react-saga-lession01/src/containers/Taskboard/index.js: Using EditorConfig core...
react-saga-lession01/src/containers/Taskboard/index.js: Using EditorConfig core...
react-saga-lession01/src/containers/Taskboard/index.js: Using EditorConfig core...
react-saga-lession01/src/containers/Taskboard/index.js: Using EditorConfig core...
react-saga-lession01/src/containers/Taskboard/index.js: Using EditorConfig core...
react-saga-lession01/src/containers/Taskboard/index.js: Using EditorConfig core...
react-saga-lession01/src/containers/Taskboard/index.js: Using EditorConfig core...
react-saga-lession01/src/containers/Taskboard/index.js: {}
react-saga-lession01/src/containers/Taskboard/index.js: {}
react-saga-lession01/src/actions/task.js: {}
react-saga-lession01/src/containers/Taskboard/index.js: {}
react-saga-lession01/src/containers/Taskboard/index.js: {}
react-saga-lession01/src/containers/Taskboard/index.js: Using EditorConfig core...
react-saga-lession01/src/containers/Taskboard/index.js: Using EditorConfig core...
react-saga-lession01/src/containers/Taskboard/index.js: Using EditorConfig core...
react-saga-lession01/src/containers/Taskboard/index.js: Using EditorConfig core...
react-saga-lession01/src/containers/Taskboard/index.js: Using EditorConfig core...
react-saga-lession01/src/containers/Taskboard/index.js: Using EditorConfig core...
react-saga-lession01/src/containers/Taskboard/index.js: {}
react-saga-lession01/src/containers/Taskboard/index.js: Using EditorConfig core...
react-saga-lession01/src/containers/Taskboard/index.js: Using EditorConfig core...
react-saga-lession01/src/containers/Taskboard/index.js: Using EditorConfig core...
react-saga-lession01/src/containers/Taskboard/index.js: Using EditorConfig core...
react-saga-lession01/src/containers/Taskboard/index.js: Using EditorConfig core...
react-saga-lession01/src/containers/Taskboard/index.js: Using EditorConfig core...
react-saga-lession01/src/containers/Taskboard/index.js: {}
react-saga-lession01/src/containers/Taskboard/index.js: Using EditorConfig core...
react-saga-lession01/src/containers/Taskboard/index.js: Using EditorConfig core...
react-saga-lession01/src/containers/Taskboard/index.js: Using EditorConfig core...
react-saga-lession01/src/containers/Taskboard/index.js: Using EditorConfig core...
react-saga-lession01/src/containers/Taskboard/index.js: Using EditorConfig core...
react-saga-lession01/src/containers/Taskboard/index.js: Using EditorConfig core...
react-saga-lession01/src/containers/Taskboard/index.js: {}
react-saga-lession01/src/apis/task.js: {}
react-saga-lession01/src/actions/task.js: {}
react-saga-lession01/src/apis/task.js: {}
react-saga-lession01/src/actions/task.js: {}
react-saga-lession01/src/actions/task.js: {}
react-saga-lession01/src/actions/task.js: Using EditorConfig core...
react-saga-lession01/src/actions/task.js: Using EditorConfig core...
react-saga-lession01/src/actions/task.js: Using EditorConfig core...
react-saga-lession01/src/actions/task.js: Using EditorConfig core...
react-saga-lession01/src/actions/task.js: Using EditorConfig core...
react-saga-lession01/src/actions/task.js: Using EditorConfig core...
react-saga-lession01/src/actions/task.js: Using EditorConfig core...
react-saga-lession01/src/actions/task.js: Using EditorConfig core...
react-saga-lession01/src/actions/task.js: Using EditorConfig core...
react-saga-lession01/src/actions/task.js: Using EditorConfig core...
react-saga-lession01/src/actions/task.js: Using EditorConfig core...
react-saga-lession01/src/actions/task.js: {}
react-saga-lession01/src/actions/task.js: Using EditorConfig core...
react-saga-lession01/src/actions/task.js: Using EditorConfig core...
react-saga-lession01/src/actions/task.js: Using EditorConfig core...
react-saga-lession01/src/actions/task.js: Using EditorConfig core...
react-saga-lession01/src/actions/task.js: Using EditorConfig core...
react-saga-lession01/src/actions/task.js: Using EditorConfig core...
react-saga-lession01/src/actions/task.js: Using EditorConfig core...
react-saga-lession01/src/actions/task.js: Using EditorConfig core...
react-saga-lession01/src/actions/task.js: Using EditorConfig core...
react-saga-lession01/src/actions/task.js: {}
react-saga-lession01/src/actions/task.js: {}
react-saga-lession01/src/actions/task.js: Using EditorConfig core...
react-saga-lession01/src/actions/task.js: Using EditorConfig core...
react-saga-lession01/src/actions/task.js: Using EditorConfig core...
react-saga-lession01/src/actions/task.js: Using EditorConfig core...
react-saga-lession01/src/apis/task.js: {}
react-saga-lession01/src/actions/task.js: {}
react-saga-lession01/src/actions/task.js: {}
react-saga-lession01/src/actions/task.js: Using EditorConfig core...
react-saga-lession01/src/actions/task.js: Using EditorConfig core...
react-saga-lession01/src/actions/task.js: Using EditorConfig core...
react-saga-lession01/src/actions/task.js: Using EditorConfig core...
react-saga-lession01/src/actions/task.js: Using EditorConfig core...
react-saga-lession01/src/actions/task.js: Using EditorConfig core...
react-saga-lession01/src/actions/task.js: Using EditorConfig core...
react-saga-lession01/src/actions/task.js: Using EditorConfig core...
react-saga-lession01/src/actions/task.js: Using EditorConfig core...
react-saga-lession01/src/actions/task.js: Using EditorConfig core...
react-saga-lession01/src/actions/task.js: Using EditorConfig core...
react-saga-lession01/src/actions/task.js: Using EditorConfig core...
react-saga-lession01/src/actions/task.js: Using EditorConfig core...
react-saga-lession01/src/actions/task.js: Using EditorConfig core...
react-saga-lession01/src/actions/task.js: Using EditorConfig core...
react-saga-lession01/src/actions/task.js: {}
react-saga-lession01/src/apis/task.js: {}
react-saga-lession01/src/containers/Taskboard/index.js: {}
react-saga-lession01/src/actions/task.js: {}
react-saga-lession01/src/actions/task.js: Using EditorConfig core...
react-saga-lession01/src/containers/Taskboard/index.js: {}
react-saga-lession01/src/containers/Taskboard/index.js: Using EditorConfig core...
react-saga-lession01/src/containers/Taskboard/index.js: Using EditorConfig core...
react-saga-lession01/src/containers/Taskboard/index.js: Using EditorConfig core...
react-saga-lession01/src/containers/Taskboard/index.js: Using EditorConfig core...
react-saga-lession01/src/containers/Taskboard/index.js: Using EditorConfig core...
react-saga-lession01/src/containers/Taskboard/index.js: {}
react-saga-lession01/src/apis/task.js: {}
react-saga-lession01/src/actions/task.js: {}
react-saga-lession01/src/actions/task.js: Using EditorConfig core...
react-saga-lession01/src/actions/task.js: Using EditorConfig core...
react-saga-lession01/src/actions/task.js: Using EditorConfig core...
react-saga-lession01/src/actions/task.js: Using EditorConfig core...
react-saga-lession01/src/actions/task.js: Using EditorConfig core...
react-saga-lession01/src/actions/task.js: Using EditorConfig core...
react-saga-lession01/src/actions/task.js: Using EditorConfig core...
react-saga-lession01/src/actions/task.js: Using EditorConfig core...
react-saga-lession01/src/actions/task.js: Using EditorConfig core...
react-saga-lession01/src/actions/task.js: Using EditorConfig core...
react-saga-lession01/src/actions/task.js: {}
react-saga-lession01/src/apis/task.js: {}
react-saga-lession01/src/containers/Taskboard/index.js: {}
react-saga-lession01/src/containers/Taskboard/index.js: Using EditorConfig core...
react-saga-lession01/src/containers/Taskboard/index.js: Using EditorConfig core...
react-saga-lession01/src/containers/Taskboard/index.js: Using EditorConfig core...
react-saga-lession01/src/containers/Taskboard/index.js: Using EditorConfig core...
react-saga-lession01/src/containers/Taskboard/index.js: Using EditorConfig core...
react-saga-lession01/src/containers/Taskboard/index.js: Using EditorConfig core...
react-saga-lession01/src/containers/Taskboard/index.js: Using EditorConfig core...
react-saga-lession01/src/containers/Taskboard/index.js: Using EditorConfig core...
react-saga-lession01/src/containers/Taskboard/index.js: {}
react-saga-lession01/src/containers/Taskboard/index.js: Using EditorConfig core...
react-saga-lession01/src/containers/Taskboard/index.js: Using EditorConfig core...
react-saga-lession01/src/containers/Taskboard/index.js: Using EditorConfig core...
react-saga-lession01/src/containers/Taskboard/index.js: Using EditorConfig core...
react-saga-lession01/src/containers/Taskboard/index.js: Using EditorConfig core...
react-saga-lession01/src/containers/Taskboard/index.js: Using EditorConfig core...
react-saga-lession01/src/containers/Taskboard/index.js: Using EditorConfig core...
react-saga-lession01/src/containers/Taskboard/index.js: Using EditorConfig core...
react-saga-lession01/src/containers/Taskboard/index.js: Using EditorConfig core...
react-saga-lession01/src/containers/Taskboard/index.js: {}
react-saga-lession01/src/actions/task.js: {}
react-saga-lession01/src/actions/task.js: Using EditorConfig core...
react-saga-lession01/src/actions/task.js: Using EditorConfig core...
react-saga-lession01/src/actions/task.js: Using EditorConfig core...
react-saga-lession01/src/actions/task.js: Using EditorConfig core...
react-saga-lession01/src/actions/task.js: Using EditorConfig core...
react-saga-lession01/src/actions/task.js: Using EditorConfig core...
react-saga-lession01/src/apis/task.js: {}
react-saga-lession01/src/actions/task.js: {}
react-saga-lession01/src/apis/task.js: {}
react-saga-lession01/src/actions/task.js: {}
react-saga-lession01/src/actions/task.js: Using EditorConfig core...
react-saga-lession01/src/actions/task.js: Using EditorConfig core...
react-saga-lession01/src/actions/task.js: Using EditorConfig core...
react-saga-lession01/src/actions/task.js: Using EditorConfig core...
react-saga-lession01/src/actions/task.js: Using EditorConfig core...
react-saga-lession01/src/actions/task.js: Using EditorConfig core...
react-saga-lession01/src/actions/task.js: Using EditorConfig core...
react-saga-lession01/src/actions/task.js: Using EditorConfig core...
react-saga-lession01/src/actions/task.js: {}
react-saga-lession01/src/actions/task.js: Using EditorConfig core...
react-saga-lession01/src/actions/task.js: Using EditorConfig core...
react-saga-lession01/src/actions/task.js: Using EditorConfig core...
react-saga-lession01/src/actions/task.js: Using EditorConfig core...
react-saga-lession01/src/actions/task.js: Using EditorConfig core...
react-saga-lession01/src/actions/task.js: Using EditorConfig core...
react-saga-lession01/src/actions/task.js: Using EditorConfig core...
react-saga-lession01/src/actions/task.js: Using EditorConfig core...
react-saga-lession01/src/actions/task.js: Using EditorConfig core...
react-saga-lession01/src/actions/task.js: Using EditorConfig core...
react-saga-lession01/src/actions/task.js: {}
react-saga-lession01/src/actions/task.js: Using EditorConfig core...
react-saga-lession01/src/actions/task.js: Using EditorConfig core...
react-saga-lession01/src/actions/task.js: Using EditorConfig core...
react-saga-lession01/src/actions/task.js: Using EditorConfig core...
react-saga-lession01/src/actions/task.js: {}
react-saga-lession01/src/actions/task.js: Using EditorConfig core...
react-saga-lession01/src/actions/task.js: Using EditorConfig core...
react-saga-lession01/src/actions/task.js: Using EditorConfig core...
react-saga-lession01/src/actions/task.js: Using EditorConfig core...
react-saga-lession01/src/actions/task.js: Using EditorConfig core...
react-saga-lession01/src/actions/task.js: Using EditorConfig core...
react-saga-lession01/src/actions/task.js: {}
react-saga-lession01/src/actions/task.js: Using EditorConfig core...
react-saga-lession01/src/actions/task.js: Using EditorConfig core...
react-saga-lession01/src/actions/task.js: Using EditorConfig core...
react-saga-lession01/src/actions/task.js: Using EditorConfig core...
react-saga-lession01/src/actions/task.js: Using EditorConfig core...
react-saga-lession01/src/actions/task.js: Using EditorConfig core...
react-saga-lession01/src/actions/task.js: Using EditorConfig core...
react-saga-lession01/src/actions/task.js: Using EditorConfig core...
react-saga-lession01/src/actions/task.js: Using EditorConfig core...
react-saga-lession01/src/actions/task.js: Using EditorConfig core...
react-saga-lession01/src/actions/task.js: Using EditorConfig core...
react-saga-lession01/src/actions/task.js: Using EditorConfig core...
react-saga-lession01/src/actions/task.js: Using EditorConfig core...
react-saga-lession01/src/actions/task.js: Using EditorConfig core...
react-saga-lession01/src/actions/task.js: {}
react-saga-lession01/src/apis/task.js: {}
react-saga-lession01/src/apis/task.js: Using EditorConfig core...
react-saga-lession01/src/apis/task.js: Using EditorConfig core...
react-saga-lession01/src/apis/task.js: Using EditorConfig core...
react-saga-lession01/src/apis/task.js: Using EditorConfig core...
react-saga-lession01/src/apis/task.js: Using EditorConfig core...
react-saga-lession01/src/apis/task.js: {}
react-saga-lession01/src/apis/task.js: Using EditorConfig core...
react-saga-lession01/src/apis/task.js: Using EditorConfig core...
react-saga-lession01/src/apis/task.js: Using EditorConfig core...
react-saga-lession01/src/apis/task.js: Using EditorConfig core...
react-saga-lession01/src/apis/task.js: Using EditorConfig core...
react-saga-lession01/src/apis/task.js: {}
react-saga-lession01/src/apis/task.js: Using EditorConfig core...
react-saga-lession01/src/apis/task.js: Using EditorConfig core...
react-saga-lession01/src/apis/task.js: Using EditorConfig core...
react-saga-lession01/src/apis/task.js: Using EditorConfig core...
react-saga-lession01/src/apis/task.js: Using EditorConfig core...
react-saga-lession01/src/apis/task.js: Using EditorConfig core...
react-saga-lession01/src/apis/task.js: Using EditorConfig core...
react-saga-lession01/src/apis/task.js: Using EditorConfig core...
react-saga-lession01/src/apis/task.js: Using EditorConfig core...
react-saga-lession01/src/apis/task.js: {}
react-saga-lession01/src/apis/task.js: Using EditorConfig core...
react-saga-lession01/src/apis/task.js: Using EditorConfig core...
react-saga-lession01/src/apis/task.js: Using EditorConfig core...
react-saga-lession01/src/apis/task.js: Using EditorConfig core...
react-saga-lession01/src/apis/task.js: Using EditorConfig core...
react-saga-lession01/src/apis/task.js: Using EditorConfig core...
react-saga-lession01/src/apis/task.js: Using EditorConfig core...
react-saga-lession01/src/apis/task.js: {}
react-saga-lession01/src/actions/task.js: {}
react-saga-lession01/src/actions/task.js: Using EditorConfig core...
react-saga-lession01/src/actions/task.js: Using EditorConfig core...
react-saga-lession01/src/actions/task.js: Using EditorConfig core...
react-saga-lession01/src/actions/task.js: Using EditorConfig core...
react-saga-lession01/src/actions/task.js: Using EditorConfig core...
react-saga-lession01/src/actions/task.js: {}
react-saga-lession01/src/actions/task.js: Using EditorConfig core...
react-saga-lession01/src/actions/task.js: Using EditorConfig core...
react-saga-lession01/src/actions/task.js: Using EditorConfig core...
react-saga-lession01/src/actions/task.js: Using EditorConfig core...
